<?xml version="1.0" encoding="UTF-8"?>
<testsuite name="GuavaTest" tests="1" skipped="0" failures="0" errors="0" timestamp="2020-08-19T07:30:46" hostname="pd-YangTianM4000e-09" time="11.073">
  <properties/>
  <testcase name="test" classname="GuavaTest" time="11.073"/>
  <system-out><![CDATA[
  .   ____          _            __ _ _
 /\\ / ___'_ __ _ _(_)_ __  __ _ \ \ \ \
( ( )\___ | '_ | '_| | '_ \/ _` | \ \ \ \
 \\/  ___)| |_)| | | | | || (_| |  ) ) ) )
  '  |____| .__|_| |_|_| |_\__, | / / / /
 =========|_|==============|___/=/_/_/_/
 :: Spring Boot ::        (v2.0.7.RELEASE)

2020-08-19 15:30:45.167  INFO 9207 --- [    Test worker] GuavaTest                                : Starting GuavaTest on pd-YangTianM4000e-09 with PID 9207 (started by pd in /data/dev/springWebflux_WebClient/server)
2020-08-19 15:30:45.170  INFO 9207 --- [    Test worker] GuavaTest                                : No active profile set, falling back to default profiles: default
2020-08-19 15:30:45.202  INFO 9207 --- [    Test worker] o.s.w.c.s.GenericWebApplicationContext   : Refreshing org.springframework.web.context.support.GenericWebApplicationContext@1cb9a8bc: startup date [Wed Aug 19 15:30:45 CST 2020]; root of context hierarchy
2020-08-19 15:30:45.602  INFO 9207 --- [    Test worker] .s.d.r.c.RepositoryConfigurationDelegate : Multiple Spring Data modules found, entering strict repository configuration mode!
2020-08-19 15:30:46.124  INFO 9207 --- [    Test worker] o.s.w.s.handler.SimpleUrlHandlerMapping  : Mapped URL path [/**/favicon.ico] onto handler of type [class org.springframework.web.servlet.resource.ResourceHttpRequestHandler]
2020-08-19 15:30:46.345  INFO 9207 --- [    Test worker] s.w.s.m.m.a.RequestMappingHandlerAdapter : Looking for @ControllerAdvice: org.springframework.web.context.support.GenericWebApplicationContext@1cb9a8bc: startup date [Wed Aug 19 15:30:45 CST 2020]; root of context hierarchy
2020-08-19 15:30:46.386  INFO 9207 --- [    Test worker] s.w.s.m.m.a.RequestMappingHandlerMapping : Mapped "{[/],produces=[text/html;charset=utf-8]}" onto public java.lang.String com.pd.controller.Controller.index()
2020-08-19 15:30:46.387  INFO 9207 --- [    Test worker] s.w.s.m.m.a.RequestMappingHandlerMapping : Mapped "{[/test],produces=[text/html;charset=utf-8]}" onto public java.lang.String com.pd.controller.Controller.test()
2020-08-19 15:30:46.387  INFO 9207 --- [    Test worker] s.w.s.m.m.a.RequestMappingHandlerMapping : Mapped "{[/mono],methods=[GET]}" onto public reactor.core.publisher.Mono<java.lang.Object> com.pd.controller.Controller.mono() throws java.lang.Exception
2020-08-19 15:30:46.389  INFO 9207 --- [    Test worker] s.w.s.m.m.a.RequestMappingHandlerMapping : Mapped "{[/file/upload],methods=[POST]}" onto public java.lang.String com.pd.controller.FileController.upload(org.springframework.web.multipart.MultipartFile,java.lang.String,java.lang.String,javax.servlet.http.HttpServletRequest) throws java.lang.Exception
2020-08-19 15:30:46.389  INFO 9207 --- [    Test worker] s.w.s.m.m.a.RequestMappingHandlerMapping : Mapped "{[/file/download],methods=[POST]}" onto public java.lang.String com.pd.controller.FileController.download(java.lang.String) throws java.lang.Exception
2020-08-19 15:30:46.391  INFO 9207 --- [    Test worker] s.w.s.m.m.a.RequestMappingHandlerMapping : Mapped "{[/error]}" onto public org.springframework.http.ResponseEntity<java.util.Map<java.lang.String, java.lang.Object>> org.springframework.boot.autoconfigure.web.servlet.error.BasicErrorController.error(javax.servlet.http.HttpServletRequest)
2020-08-19 15:30:46.391  INFO 9207 --- [    Test worker] s.w.s.m.m.a.RequestMappingHandlerMapping : Mapped "{[/error],produces=[text/html]}" onto public org.springframework.web.servlet.ModelAndView org.springframework.boot.autoconfigure.web.servlet.error.BasicErrorController.errorHtml(javax.servlet.http.HttpServletRequest,javax.servlet.http.HttpServletResponse)
2020-08-19 15:30:46.407  INFO 9207 --- [    Test worker] o.s.w.s.handler.SimpleUrlHandlerMapping  : Mapped URL path [/webjars/**] onto handler of type [class org.springframework.web.servlet.resource.ResourceHttpRequestHandler]
2020-08-19 15:30:46.407  INFO 9207 --- [    Test worker] o.s.w.s.handler.SimpleUrlHandlerMapping  : Mapped URL path [/**] onto handler of type [class org.springframework.web.servlet.resource.ResourceHttpRequestHandler]
2020-08-19 15:30:46.642  INFO 9207 --- [    Test worker] GuavaTest                                : Started GuavaTest in 1.717 seconds (JVM running for 2.247)
1
vbusbviiedkzjsevdfhvkbnfkdbh;vjdofvhfj;nfddivhnffvbfbdbhdbbobidoibhfobhfobhdoihbbhobhfhofbffhbfodbhfbhfdofhbhfdofibhdobhdibfbdiobodfibhdobhfidygvisldvhudvbtgmujixfbhiufvknzilcdscvukvjuyyyyyyyyyyyyyyyyyyyaeigkgbxcygefdevjwcfbkucbejkbmcewkegbcdysgcerfbjs,vbdkucsdkcbwejcbskjdbv ksduhvgfgeuwdgeywdedcgbikfgsigfgvbsifgvcdyugbvysdrfuvsdriufgrsdifgvbifgvbifgviugvfgvsiufgif
1872
1
1352
0
{}
0
]]></system-out>
  <system-err><![CDATA[Aug 19, 2020 3:30:44 PM org.springframework.boot.test.context.SpringBootTestContextBootstrapper buildDefaultMergedContextConfiguration
INFO: Neither @ContextConfiguration nor @ContextHierarchy found for test class [GuavaTest], using SpringBootContextLoader
Aug 19, 2020 3:30:44 PM org.springframework.test.context.support.AbstractContextLoader generateDefaultLocations
INFO: Could not detect default resource locations for test class [GuavaTest]: no resource found for suffixes {-context.xml, Context.groovy}.
Aug 19, 2020 3:30:44 PM org.springframework.boot.test.context.SpringBootTestContextBootstrapper getDefaultTestExecutionListenerClassNames
INFO: Loaded default TestExecutionListener class names from location [META-INF/spring.factories]: [org.springframework.boot.test.autoconfigure.restdocs.RestDocsTestExecutionListener, org.springframework.boot.test.autoconfigure.web.client.MockRestServiceServerResetTestExecutionListener, org.springframework.boot.test.autoconfigure.web.servlet.MockMvcPrintOnlyOnFailureTestExecutionListener, org.springframework.boot.test.autoconfigure.web.servlet.WebDriverTestExecutionListener, org.springframework.boot.test.mock.mockito.MockitoTestExecutionListener, org.springframework.boot.test.mock.mockito.ResetMocksTestExecutionListener, org.springframework.test.context.web.ServletTestExecutionListener, org.springframework.test.context.support.DirtiesContextBeforeModesTestExecutionListener, org.springframework.test.context.support.DependencyInjectionTestExecutionListener, org.springframework.test.context.support.DirtiesContextTestExecutionListener, org.springframework.test.context.transaction.TransactionalTestExecutionListener, org.springframework.test.context.jdbc.SqlScriptsTestExecutionListener]
Aug 19, 2020 3:30:44 PM org.springframework.boot.test.context.SpringBootTestContextBootstrapper getTestExecutionListeners
INFO: Using TestExecutionListeners: [org.springframework.test.context.web.ServletTestExecutionListener@35ebfdff, org.springframework.test.context.support.DirtiesContextBeforeModesTestExecutionListener@7dd279f2, org.springframework.boot.test.mock.mockito.MockitoTestExecutionListener@4e88bc72, org.springframework.boot.test.autoconfigure.SpringBootDependencyInjectionTestExecutionListener@439ca76a, org.springframework.test.context.support.DirtiesContextTestExecutionListener@2972bee3, org.springframework.test.context.transaction.TransactionalTestExecutionListener@47014fd6, org.springframework.test.context.jdbc.SqlScriptsTestExecutionListener@4ce10068, org.springframework.boot.test.autoconfigure.restdocs.RestDocsTestExecutionListener@6a604969, org.springframework.boot.test.autoconfigure.web.client.MockRestServiceServerResetTestExecutionListener@56597760, org.springframework.boot.test.autoconfigure.web.servlet.MockMvcPrintOnlyOnFailureTestExecutionListener@1b6bfd82, org.springframework.boot.test.autoconfigure.web.servlet.WebDriverTestExecutionListener@5f4d5cc7, org.springframework.boot.test.mock.mockito.ResetMocksTestExecutionListener@378e6d46]
]]></system-err>
</testsuite>
