<?xml version="1.0" encoding="UTF-8"?>
<testsuite name="RedisTest" tests="1" skipped="0" failures="0" errors="0" timestamp="2020-08-19T07:30:57" hostname="pd-YangTianM4000e-09" time="0.028">
  <properties/>
  <testcase name="test" classname="RedisTest" time="0.028"/>
  <system-out><![CDATA[2020-08-19 15:30:57.725  INFO 9207 --- [    Test worker] .b.t.c.SpringBootTestContextBootstrapper : Neither @ContextConfiguration nor @ContextHierarchy found for test class [RedisTest], using SpringBootContextLoader
2020-08-19 15:30:57.726  INFO 9207 --- [    Test worker] o.s.t.c.support.AbstractContextLoader    : Could not detect default resource locations for test class [RedisTest]: no resource found for suffixes {-context.xml, Context.groovy}.
2020-08-19 15:30:57.728  INFO 9207 --- [    Test worker] .b.t.c.SpringBootTestContextBootstrapper : Loaded default TestExecutionListener class names from location [META-INF/spring.factories]: [org.springframework.boot.test.autoconfigure.restdocs.RestDocsTestExecutionListener, org.springframework.boot.test.autoconfigure.web.client.MockRestServiceServerResetTestExecutionListener, org.springframework.boot.test.autoconfigure.web.servlet.MockMvcPrintOnlyOnFailureTestExecutionListener, org.springframework.boot.test.autoconfigure.web.servlet.WebDriverTestExecutionListener, org.springframework.boot.test.mock.mockito.MockitoTestExecutionListener, org.springframework.boot.test.mock.mockito.ResetMocksTestExecutionListener, org.springframework.test.context.web.ServletTestExecutionListener, org.springframework.test.context.support.DirtiesContextBeforeModesTestExecutionListener, org.springframework.test.context.support.DependencyInjectionTestExecutionListener, org.springframework.test.context.support.DirtiesContextTestExecutionListener, org.springframework.test.context.transaction.TransactionalTestExecutionListener, org.springframework.test.context.jdbc.SqlScriptsTestExecutionListener]
2020-08-19 15:30:57.729  INFO 9207 --- [    Test worker] .b.t.c.SpringBootTestContextBootstrapper : Using TestExecutionListeners: [org.springframework.test.context.web.ServletTestExecutionListener@311a1ac3, org.springframework.test.context.support.DirtiesContextBeforeModesTestExecutionListener@48bb0345, org.springframework.boot.test.mock.mockito.MockitoTestExecutionListener@68f8cd7e, org.springframework.boot.test.autoconfigure.SpringBootDependencyInjectionTestExecutionListener@135dddd2, org.springframework.test.context.support.DirtiesContextTestExecutionListener@72701178, org.springframework.test.context.transaction.TransactionalTestExecutionListener@62c18558, org.springframework.test.context.jdbc.SqlScriptsTestExecutionListener@4cfc3743, org.springframework.boot.test.autoconfigure.restdocs.RestDocsTestExecutionListener@31b2c043, org.springframework.boot.test.autoconfigure.web.client.MockRestServiceServerResetTestExecutionListener@433bfcdc, org.springframework.boot.test.autoconfigure.web.servlet.MockMvcPrintOnlyOnFailureTestExecutionListener@2d3e4aa6, org.springframework.boot.test.autoconfigure.web.servlet.WebDriverTestExecutionListener@d5266d, org.springframework.boot.test.mock.mockito.ResetMocksTestExecutionListener@27425eec]
null
]]></system-out>
  <system-err><![CDATA[]]></system-err>
</testsuite>
